<?xml version="1.0" encoding="UTF-8"?>
<testng-results skipped="0" failed="0" ignored="0" total="1" passed="1">
  <reporter-output>
  </reporter-output>
  <suite name="Default suite" duration-ms="12473" started-at="2019-12-19T15:36:40 IST" finished-at="2019-12-19T15:36:53 IST">
    <groups>
    </groups>
    <test name="Default test" duration-ms="12473" started-at="2019-12-19T15:36:40 IST" finished-at="2019-12-19T15:36:53 IST">
      <class name="javaExamples.ScrollingExample">
        <test-method status="PASS" signature="scrolldown()[pri:0, instance:javaExamples.ScrollingExample@63753b6d]" name="scrolldown" duration-ms="12418" started-at="2019-12-19T15:36:41 IST" finished-at="2019-12-19T15:36:53 IST">
          <reporter-output>
          </reporter-output>
        </test-method> <!-- scrolldown -->
      </class> <!-- javaExamples.ScrollingExample -->
    </test> <!-- Default test -->
  </suite> <!-- Default suite -->
</testng-results>
